Arguments: 
  /usr/local/Cellar/node/10.11.0/bin/node /usr/local/Cellar/yarn/1.10.1/libexec/bin/yarn.js add babel-core babel-loader babel-plugin-transform-class-properties babel-plugin-transform-runtime abel-preset-env -D

PATH: 
  /Users/mbajur/.rvm/gems/ruby-2.5.1/bin:/Users/mbajur/.rvm/gems/ruby-2.5.1@global/bin:/Users/mbajur/.rvm/rubies/ruby-2.5.1/bin:/Users/mbajur/.cargo/bin:/usr/local/bin:/usr/bin:/bin:/usr/sbin:/sbin:/opt/X11/bin:/Applications/Postgres.app/Contents/Versions/latest/bin:/Users/mbajur/.rvm/bin

Yarn version: 
  1.10.1

Node version: 
  10.11.0

Platform: 
  darwin x64

Trace: 
  Error: https://registry.yarnpkg.com/abel-preset-env: Not found
      at Request.params.callback [as _callback] (/usr/local/Cellar/yarn/1.10.1/libexec/lib/cli.js:61073:18)
      at Request.self.callback (/usr/local/Cellar/yarn/1.10.1/libexec/lib/cli.js:120166:22)
      at Request.emit (events.js:182:13)
      at Request.<anonymous> (/usr/local/Cellar/yarn/1.10.1/libexec/lib/cli.js:121138:10)
      at Request.emit (events.js:182:13)
      at IncomingMessage.<anonymous> (/usr/local/Cellar/yarn/1.10.1/libexec/lib/cli.js:121060:12)
      at Object.onceWrapper (events.js:273:13)
      at IncomingMessage.emit (events.js:187:15)
      at endReadableNT (_stream_readable.js:1092:12)
      at process._tickCallback (internal/process/next_tick.js:63:19)

npm manifest: 
  {
    "name": "@beehivecms/core",
    "version": "1.0.0",
    "description": "Short description and motivation.",
    "directories": {
      "lib": "lib"
    },
    "scripts": {
      "test": "echo \"Error: no test specified\" && exit 1",
      "build": "rollup -c"
    },
    "repository": {
      "type": "git",
      "url": "git+https://github.com/beehive-cms/beehive.git"
    },
    "author": "",
    "license": "ISC",
    "bugs": {
      "url": "https://github.com/beehive-cms/beehive/issues"
    },
    "homepage": "https://github.com/beehive-cms/beehive#readme",
    "devDependencies": {
      "stimulus": "^1.1.1"
    }
  }

yarn manifest: 
  No manifest

Lockfile: 
  # THIS IS AN AUTOGENERATED FILE. DO NOT EDIT THIS FILE DIRECTLY.
  # yarn lockfile v1
  
  
  "@stimulus/core@^1.1.1":
    version "1.1.1"
    resolved "https://registry.yarnpkg.com/@stimulus/core/-/core-1.1.1.tgz#42b0cfe5b73ca492f41de64b77a03980bae92c82"
    integrity sha512-PVJv7IpuQx0MVPCBblXc6O2zbCmU8dlxXNH4bC9KK6LsvGaE+PCXXrXQfXUwAsse1/CmRu/iQG7Ov58himjiGg==
    dependencies:
      "@stimulus/mutation-observers" "^1.1.1"
  
  "@stimulus/multimap@^1.1.1":
    version "1.1.1"
    resolved "https://registry.yarnpkg.com/@stimulus/multimap/-/multimap-1.1.1.tgz#b95e3fd607345ab36e5d5b55486ee1a12d56b331"
    integrity sha512-26R1fI3a8uUj0WlMmta4qcfIQGlagegdP4PTz6lz852q/dXlG6r+uPS/bx+H8GtfyS+OOXVr3SkZ0Zg0iRqRfQ==
  
  "@stimulus/mutation-observers@^1.1.1":
    version "1.1.1"
    resolved "https://registry.yarnpkg.com/@stimulus/mutation-observers/-/mutation-observers-1.1.1.tgz#0f6c6f081308427fed2a26360dda0c173b79cfc0"
    integrity sha512-/zCnnw1KJlWO2mrx0yxYaRFZWMGnDMdOgSnI4hxDLxdWVuL2HMROU8FpHWVBLjKY3T9A+lGkcrmPGDHF3pfS9w==
    dependencies:
      "@stimulus/multimap" "^1.1.1"
  
  "@stimulus/webpack-helpers@^1.1.1":
    version "1.1.1"
    resolved "https://registry.yarnpkg.com/@stimulus/webpack-helpers/-/webpack-helpers-1.1.1.tgz#eff60cd4e58b921d1a2764dc5215f5141510f2c2"
    integrity sha512-XOkqSw53N9072FLHvpLM25PIwy+ndkSSbnTtjKuyzsv8K5yfkFB2rv68jU1pzqYa9FZLcvZWP4yazC0V38dx9A==
  
  stimulus@^1.1.1:
    version "1.1.1"
    resolved "https://registry.yarnpkg.com/stimulus/-/stimulus-1.1.1.tgz#53c2fded6849e7b85eed3ed8dd76e33abd74bec5"
    integrity sha512-R0mBqKp48YnRDZOxZ8hiOH4Ilph3Yj78CIFTBkCwyHs4iGCpe7xlEdQ7cjIxb+7qVCSxFKgxO+mAQbsNgt/5XQ==
    dependencies:
      "@stimulus/core" "^1.1.1"
      "@stimulus/webpack-helpers" "^1.1.1"
